<?xml version="1.0" encoding="UTF-8"?>
<testng-results ignored="0" total="10" passed="10" failed="0" skipped="0">
  <reporter-output>
  </reporter-output>
  <suite started-at="2024-03-25T17:55:40 IST" name="Suite" finished-at="2024-03-25T17:56:13 IST" duration-ms="33252">
    <groups>
    </groups>
    <test started-at="2024-03-25T17:55:40 IST" name="Test" finished-at="2024-03-25T17:56:13 IST" duration-ms="33252">
      <class name="test.EndToEndTest">
        <test-method signature="testShopperLogin()[pri:1, instance:test.EndToEndTest@2b91004a]" started-at="2024-03-25T17:55:40 IST" name="testShopperLogin" finished-at="2024-03-25T17:55:46 IST" duration-ms="6767" status="PASS">
          <reporter-output>
          </reporter-output>
        </test-method> <!-- testShopperLogin -->
        <test-method signature="testViewProducts()[pri:2, instance:test.EndToEndTest@2b91004a]" started-at="2024-03-25T17:55:46 IST" name="testViewProducts" finished-at="2024-03-25T17:55:50 IST" duration-ms="3859" status="PASS">
          <reporter-output>
          </reporter-output>
        </test-method> <!-- testViewProducts -->
        <test-method signature="testAddtoCartProducts()[pri:3, instance:test.EndToEndTest@2b91004a]" started-at="2024-03-25T17:55:50 IST" name="testAddtoCartProducts" finished-at="2024-03-25T17:55:52 IST" duration-ms="1835" status="PASS">
          <reporter-output>
          </reporter-output>
        </test-method> <!-- testAddtoCartProducts -->
        <test-method signature="testUpdateCartProducts()[pri:4, instance:test.EndToEndTest@2b91004a]" started-at="2024-03-25T17:55:52 IST" name="testUpdateCartProducts" finished-at="2024-03-25T17:55:56 IST" duration-ms="3344" status="PASS">
          <reporter-output>
          </reporter-output>
        </test-method> <!-- testUpdateCartProducts -->
        <test-method signature="testAddAddress()[pri:5, instance:test.EndToEndTest@2b91004a]" started-at="2024-03-25T17:55:56 IST" name="testAddAddress" finished-at="2024-03-25T17:55:58 IST" duration-ms="2555" status="PASS">
          <reporter-output>
          </reporter-output>
        </test-method> <!-- testAddAddress -->
        <test-method signature="testPlaceAnOrder()[pri:6, instance:test.EndToEndTest@2b91004a]" started-at="2024-03-25T17:55:58 IST" name="testPlaceAnOrder" finished-at="2024-03-25T17:56:00 IST" duration-ms="1778" status="PASS">
          <reporter-output>
          </reporter-output>
        </test-method> <!-- testPlaceAnOrder -->
        <test-method signature="testUpdateAnOrder()[pri:7, instance:test.EndToEndTest@2b91004a]" started-at="2024-03-25T17:56:00 IST" name="testUpdateAnOrder" finished-at="2024-03-25T17:56:04 IST" duration-ms="3640" status="PASS">
          <reporter-output>
          </reporter-output>
        </test-method> <!-- testUpdateAnOrder -->
        <test-method signature="testAddReview()[pri:8, instance:test.EndToEndTest@2b91004a]" started-at="2024-03-25T17:56:04 IST" name="testAddReview" finished-at="2024-03-25T17:56:06 IST" duration-ms="2876" status="PASS">
          <reporter-output>
          </reporter-output>
        </test-method> <!-- testAddReview -->
        <test-method signature="deleteAddress()[pri:9, instance:test.EndToEndTest@2b91004a]" started-at="2024-03-25T17:56:06 IST" name="deleteAddress" finished-at="2024-03-25T17:56:09 IST" duration-ms="2742" status="PASS">
          <reporter-output>
          </reporter-output>
        </test-method> <!-- deleteAddress -->
        <test-method signature="testDeleteReview()[pri:10, instance:test.EndToEndTest@2b91004a]" started-at="2024-03-25T17:56:09 IST" name="testDeleteReview" finished-at="2024-03-25T17:56:13 IST" duration-ms="3735" status="PASS">
          <reporter-output>
          </reporter-output>
        </test-method> <!-- testDeleteReview -->
      </class> <!-- test.EndToEndTest -->
    </test> <!-- Test -->
  </suite> <!-- Suite -->
</testng-results>
