<?xml version="1.0" encoding="UTF-8"?>
<!-- Generated by org.testng.reporters.JUnitXMLReporter -->
<testsuite ignored="0" hostname="DESKTOP-FLJ34K1" failures="0" tests="10" name="Default test" time="40.119" errors="0" timestamp="2024-03-25T17:52:08 IST">
  <testcase classname="test.EndToEndTest" name="testShopperLogin" time="7.101"/>
  <testcase classname="test.EndToEndTest" name="testViewProducts" time="5.028"/>
  <testcase classname="test.EndToEndTest" name="testAddtoCartProducts" time="3.88"/>
  <testcase classname="test.EndToEndTest" name="testUpdateCartProducts" time="3.127"/>
  <testcase classname="test.EndToEndTest" name="testAddAddress" time="2.82"/>
  <testcase classname="test.EndToEndTest" name="testPlaceAnOrder" time="3.273"/>
  <testcase classname="test.EndToEndTest" name="testUpdateAnOrder" time="2.654"/>
  <testcase classname="test.EndToEndTest" name="testAddReview" time="4.228"/>
  <testcase classname="test.EndToEndTest" name="deleteAddress" time="2.662"/>
  <testcase classname="test.EndToEndTest" name="testDeleteReview" time="5.249"/>
</testsuite> <!-- Default test -->
