<?xml version="1.0" encoding="UTF-8"?>
<!-- Generated by org.testng.reporters.JUnitXMLReporter -->
<testsuite ignored="0" hostname="DESKTOP-FLJ34K1" failures="0" tests="10" name="Test" time="33.252" errors="0" timestamp="2024-03-25T17:56:13 IST">
  <testcase classname="test.EndToEndTest" name="testShopperLogin" time="6.767"/>
  <testcase classname="test.EndToEndTest" name="testViewProducts" time="3.859"/>
  <testcase classname="test.EndToEndTest" name="testAddtoCartProducts" time="1.835"/>
  <testcase classname="test.EndToEndTest" name="testUpdateCartProducts" time="3.344"/>
  <testcase classname="test.EndToEndTest" name="testAddAddress" time="2.555"/>
  <testcase classname="test.EndToEndTest" name="testPlaceAnOrder" time="1.778"/>
  <testcase classname="test.EndToEndTest" name="testUpdateAnOrder" time="3.64"/>
  <testcase classname="test.EndToEndTest" name="testAddReview" time="2.876"/>
  <testcase classname="test.EndToEndTest" name="deleteAddress" time="2.742"/>
  <testcase classname="test.EndToEndTest" name="testDeleteReview" time="3.735"/>
</testsuite> <!-- Test -->
